<?xml version="1.0" encoding="UTF-8"?>
<testng-results skipped="0" failed="0" total="1" passed="1">
  <reporter-output>
  </reporter-output>
  <suite name="Default suite" duration-ms="192" started-at="2015-09-10T19:52:14Z" finished-at="2015-09-10T19:52:14Z">
    <groups>
    </groups>
    <test name="Default test" duration-ms="192" started-at="2015-09-10T19:52:14Z" finished-at="2015-09-10T19:52:14Z">
      <class name="com.toolsqa.framework.xml.NewTestXML">
        <test-method status="PASS" signature="AssertStringEqualAndIdenticalToSelf()[pri:0, instance:com.toolsqa.framework.xml.NewTestXML@256216b3]" name="AssertStringEqualAndIdenticalToSelf" duration-ms="168" started-at="2015-09-10T12:52:14Z" finished-at="2015-09-10T12:52:14Z">
          <reporter-output>
          </reporter-output>
        </test-method> <!-- AssertStringEqualAndIdenticalToSelf -->
      </class> <!-- com.toolsqa.framework.xml.NewTestXML -->
    </test> <!-- Default test -->
  </suite> <!-- Default suite -->
</testng-results>
